[1005/153255.541:ERROR:process_reader_win.cc(127)] NtOpenThread: {Access Denied} A process has requested access to an object, but has not been granted those access rights. (0xc0000022)
[1005/153255.543:ERROR:exception_snapshot_win.cc(100)] thread ID 21728 not found in process
[1005/153255.791:ERROR:process_reader_win.cc(155)] SuspendThread: Access is denied. (0x5)
[1005/153255.791:ERROR:process_reader_win.cc(155)] SuspendThread: Access is denied. (0x5)
[1005/153255.791:ERROR:process_reader_win.cc(127)] NtOpenThread: {Access Denied} A process has requested access to an object, but has not been granted those access rights. (0xc0000022)
[1005/153255.792:ERROR:exception_snapshot_win.cc(100)] thread ID 14688 not found in process
[1005/153256.008:ERROR:minidumpwritedump_with_crashpad_info.cc(452)] Failed to call MiniDumpWriteDump: Only part of a ReadProcessMemory or WriteProcessMemory request was completed. (0x8007012B)
[1005/153256.008:ERROR:minidumpwritedump_with_crashpad_info.cc(661)] Failed to write minidump file
[1005/153256.009:ERROR:crash_report_exception_handler.cc(132)] TryMiniDumpWriteDumpWithCrashpadInfo failed
[1005/153256.014:ERROR:process_memory_win.cc(73)] ReadMemory at 0x7ff669ed0000 of 64 bytes failed: Only part of a ReadProcessMemory or WriteProcessMemory request was completed. (0x12B)
[1005/153256.014:WARNING:pe_image_reader.cc(340)] could not read dos header from C:\Program Files (x86)\Microsoft\Edge\Application\msedge.exe
[1005/153256.014:ERROR:process_memory_win.cc(73)] ReadMemory at 0x7ff669ed0000 of 64 bytes failed: Only part of a ReadProcessMemory or WriteProcessMemory request was completed. (0x12B)
[1005/153256.014:WARNING:pe_image_reader.cc(340)] could not read dos header from C:\Program Files (x86)\Microsoft\Edge\Application\msedge.exe
[1005/153256.014:ERROR:process_memory_win.cc(73)] ReadMemory at 0x1b906bbe470 of 72 bytes failed: Only part of a ReadProcessMemory or WriteProcessMemory request was completed. (0x12B)
[1005/153256.014:WARNING:pe_image_annotations_reader.cc(135)] could not read annotations list object in C:\Program Files (x86)\Microsoft\Edge\Application\85.0.564.68\msedge_elf.dll
[1005/153256.015:ERROR:process_memory_win.cc(73)] ReadMemory at 0x7ff9887f0000 of 64 bytes failed: Only part of a ReadProcessMemory or WriteProcessMemory request was completed. (0x12B)
[1005/153256.015:WARNING:pe_image_reader.cc(340)] could not read dos header from C:\Program Files (x86)\Microsoft\Edge\Application\85.0.564.68\msedge.dll
[1005/153256.015:ERROR:process_memory_win.cc(73)] ReadMemory at 0x7ff9887f0000 of 64 bytes failed: Only part of a ReadProcessMemory or WriteProcessMemory request was completed. (0x12B)
[1005/153256.015:WARNING:pe_image_reader.cc(340)] could not read dos header from C:\Program Files (x86)\Microsoft\Edge\Application\85.0.564.68\msedge.dll
[1005/153256.019:ERROR:process_memory_win.cc(73)] ReadMemory at 0x7ffa0eab0000 of 64 bytes failed: Only part of a ReadProcessMemory or WriteProcessMemory request was completed. (0x12B)
[1005/153256.019:WARNING:pe_image_reader.cc(340)] could not read dos header from C:\WINDOWS\SYSTEM32\PROPSYS.dll
[1005/153256.019:ERROR:process_memory_win.cc(73)] ReadMemory at 0x7ffa100e0000 of 64 bytes failed: Only part of a ReadProcessMemory or WriteProcessMemory request was completed. (0x12B)
[1005/153256.019:WARNING:pe_image_reader.cc(340)] could not read dos header from C:\WINDOWS\SYSTEM32\NTASN1.dll
[1005/153256.019:ERROR:process_memory_win.cc(73)] ReadMemory at 0x7ffa100e0000 of 64 bytes failed: Only part of a ReadProcessMemory or WriteProcessMemory request was completed. (0x12B)
[1005/153256.019:WARNING:pe_image_reader.cc(340)] could not read dos header from C:\WINDOWS\SYSTEM32\NTASN1.dll
[1005/153256.019:ERROR:process_memory_win.cc(73)] ReadMemory at 0x7ffa10570000 of 64 bytes failed: Only part of a ReadProcessMemory or WriteProcessMemory request was completed. (0x12B)
[1005/153256.019:WARNING:pe_image_reader.cc(340)] could not read dos header from C:\WINDOWS\SYSTEM32\SSPICLI.DLL
[1005/153256.019:ERROR:process_memory_win.cc(73)] ReadMemory at 0x7ffa10570000 of 64 bytes failed: Only part of a ReadProcessMemory or WriteProcessMemory request was completed. (0x12B)
[1005/153256.020:WARNING:pe_image_reader.cc(340)] could not read dos header from C:\WINDOWS\SYSTEM32\SSPICLI.DLL
[1005/153256.020:ERROR:process_memory_win.cc(73)] ReadMemory at 0x7ffa10020000 of 64 bytes failed: Only part of a ReadProcessMemory or WriteProcessMemory request was completed. (0x12B)
[1005/153256.020:WARNING:pe_image_reader.cc(340)] could not read dos header from C:\WINDOWS\SYSTEM32\CRYPTBASE.DLL
[1005/153256.020:ERROR:process_memory_win.cc(73)] ReadMemory at 0x7ffa10020000 of 64 bytes failed: Only part of a ReadProcessMemory or WriteProcessMemory request was completed. (0x12B)
[1005/153256.020:WARNING:pe_image_reader.cc(340)] could not read dos header from C:\WINDOWS\SYSTEM32\CRYPTBASE.DLL
[1005/153256.020:ERROR:process_memory_win.cc(73)] ReadMemory at 0x7ffa11820000 of 64 bytes failed: Only part of a ReadProcessMemory or WriteProcessMemory request was completed. (0x12B)
[1005/153256.020:WARNING:pe_image_reader.cc(340)] could not read dos header from C:\WINDOWS\System32\win32u.dll
[1005/153256.020:ERROR:process_memory_win.cc(73)] ReadMemory at 0x7ffa11820000 of 64 bytes failed: Only part of a ReadProcessMemory or WriteProcessMemory request was completed. (0x12B)
[1005/153256.021:WARNING:pe_image_reader.cc(340)] could not read dos header from C:\WINDOWS\System32\win32u.dll
[1005/153256.021:ERROR:process_memory_win.cc(73)] ReadMemory at 0x7ffa108b0000 of 64 bytes failed: Only part of a ReadProcessMemory or WriteProcessMemory request was completed. (0x12B)
[1005/153256.021:WARNING:pe_image_reader.cc(340)] could not read dos header from C:\WINDOWS\System32\gdi32full.dll
[1005/153256.021:ERROR:process_memory_win.cc(73)] ReadMemory at 0x7ffa108b0000 of 64 bytes failed: Only part of a ReadProcessMemory or WriteProcessMemory request was completed. (0x12B)
[1005/153256.021:WARNING:pe_image_reader.cc(340)] could not read dos header from C:\WINDOWS\System32\gdi32full.dll
[1005/153256.021:ERROR:process_memory_win.cc(73)] ReadMemory at 0x7ffa12260000 of 64 bytes failed: Only part of a ReadProcessMemory or WriteProcessMemory request was completed. (0x12B)
[1005/153256.021:WARNING:pe_image_reader.cc(340)] could not read dos header from C:\WINDOWS\System32\USER32.dll
[1005/153256.021:ERROR:process_memory_win.cc(73)] ReadMemory at 0x7ffa12260000 of 64 bytes failed: Only part of a ReadProcessMemory or WriteProcessMemory request was completed. (0x12B)
[1005/153256.021:WARNING:pe_image_reader.cc(340)] could not read dos header from C:\WINDOWS\System32\USER32.dll
[1005/153256.021:ERROR:process_memory_win.cc(73)] ReadMemory at 0x7ffa12a10000 of 64 bytes failed: Only part of a ReadProcessMemory or WriteProcessMemory request was completed. (0x12B)
[1005/153256.021:WARNING:pe_image_reader.cc(340)] could not read dos header from C:\WINDOWS\System32\IMM32.DLL
[1005/153256.022:ERROR:process_memory_win.cc(73)] ReadMemory at 0x7ffa12a10000 of 64 bytes failed: Only part of a ReadProcessMemory or WriteProcessMemory request was completed. (0x12B)
[1005/153256.022:WARNING:pe_image_reader.cc(340)] could not read dos header from C:\WINDOWS\System32\IMM32.DLL
[1005/153256.022:ERROR:process_memory_win.cc(73)] ReadMemory at 0x7ff9d0330000 of 64 bytes failed: Only part of a ReadProcessMemory or WriteProcessMemory request was completed. (0x12B)
[1005/153256.022:WARNING:pe_image_reader.cc(340)] could not read dos header from C:\Program Files (x86)\Microsoft\Edge\Application\85.0.564.68\mip_core.dll
[1005/153256.022:ERROR:process_memory_win.cc(73)] ReadMemory at 0x7ff9d0330000 of 64 bytes failed: Only part of a ReadProcessMemory or WriteProcessMemory request was completed. (0x12B)
[1005/153256.022:WARNING:pe_image_reader.cc(340)] could not read dos header from C:\Program Files (x86)\Microsoft\Edge\Application\85.0.564.68\mip_core.dll
[1005/153256.022:ERROR:process_memory_win.cc(73)] ReadMemory at 0x7ff9f9b20000 of 64 bytes failed: Only part of a ReadProcessMemory or WriteProcessMemory request was completed. (0x12B)
[1005/153256.022:WARNING:pe_image_reader.cc(340)] could not read dos header from C:\WINDOWS\SYSTEM32\MSVCP140.dll
[1005/153256.022:ERROR:process_memory_win.cc(73)] ReadMemory at 0x7ff9f9b20000 of 64 bytes failed: Only part of a ReadProcessMemory or WriteProcessMemory request was completed. (0x12B)
[1005/153256.023:WARNING:pe_image_reader.cc(340)] could not read dos header from C:\WINDOWS\SYSTEM32\MSVCP140.dll
[1005/153256.023:ERROR:process_memory_win.cc(73)] ReadMemory at 0x7ff9f4490000 of 64 bytes failed: Only part of a ReadProcessMemory or WriteProcessMemory request was completed. (0x12B)
[1005/153256.023:WARNING:pe_image_reader.cc(340)] could not read dos header from C:\WINDOWS\SYSTEM32\CONCRT140.dll
[1005/153256.023:ERROR:process_memory_win.cc(73)] ReadMemory at 0x7ff9f4490000 of 64 bytes failed: Only part of a ReadProcessMemory or WriteProcessMemory request was completed. (0x12B)
[1005/153256.023:WARNING:pe_image_reader.cc(340)] could not read dos header from C:\WINDOWS\SYSTEM32\CONCRT140.dll
[1005/153256.023:ERROR:process_memory_win.cc(73)] ReadMemory at 0x7ff9f9b00000 of 64 bytes failed: Only part of a ReadProcessMemory or WriteProcessMemory request was completed. (0x12B)
[1005/153256.023:WARNING:pe_image_reader.cc(340)] could not read dos header from C:\WINDOWS\SYSTEM32\VCRUNTIME140.dll
[1005/153256.023:ERROR:process_memory_win.cc(73)] ReadMemory at 0x7ff9f9b00000 of 64 bytes failed: Only part of a ReadProcessMemory or WriteProcessMemory request was completed. (0x12B)
[1005/153256.023:WARNING:pe_image_reader.cc(340)] could not read dos header from C:\WINDOWS\SYSTEM32\VCRUNTIME140.dll
[1005/153256.023:ERROR:process_memory_win.cc(73)] ReadMemory at 0x7ff9d0030000 of 64 bytes failed: Only part of a ReadProcessMemory or WriteProcessMemory request was completed. (0x12B)
[1005/153256.024:WARNING:pe_image_reader.cc(340)] could not read dos header from C:\Program Files (x86)\Microsoft\Edge\Application\85.0.564.68\mip_protection_sdk.dll
[1005/153256.024:ERROR:process_memory_win.cc(73)] ReadMemory at 0x7ff9d0030000 of 64 bytes failed: Only part of a ReadProcessMemory or WriteProcessMemory request was completed. (0x12B)
[1005/153256.024:WARNING:pe_image_reader.cc(340)] could not read dos header from C:\Program Files (x86)\Microsoft\Edge\Application\85.0.564.68\mip_protection_sdk.dll
[1005/153256.071:ERROR:process_memory_win.cc(73)] ReadMemory at 0x7ff669ed0000 of 64 bytes failed: Only part of a ReadProcessMemory or WriteProcessMemory request was completed. (0x12B)
[1005/153256.072:WARNING:pe_image_reader.cc(340)] could not read dos header from C:\Program Files (x86)\Microsoft\Edge\Application\msedge.exe
[1005/153256.072:ERROR:process_memory_win.cc(73)] ReadMemory at 0x7ffa137a0000 of 64 bytes failed: Only part of a ReadProcessMemory or WriteProcessMemory request was completed. (0x12B)
[1005/153256.072:WARNING:pe_image_reader.cc(340)] could not read dos header from C:\WINDOWS\SYSTEM32\ntdll.dll
[1005/153256.072:ERROR:process_memory_win.cc(73)] ReadMemory at 0x7ffa127a0000 of 64 bytes failed: Only part of a ReadProcessMemory or WriteProcessMemory request was completed. (0x12B)
[1005/153256.072:WARNING:pe_image_reader.cc(340)] could not read dos header from C:\WINDOWS\System32\KERNEL32.DLL
[1005/153256.072:ERROR:process_memory_win.cc(73)] ReadMemory at 0x7ffa11570000 of 64 bytes failed: Only part of a ReadProcessMemory or WriteProcessMemory request was completed. (0x12B)
[1005/153256.072:WARNING:pe_image_reader.cc(340)] could not read dos header from C:\WINDOWS\System32\KERNELBASE.dll
[1005/153256.072:ERROR:process_memory_win.cc(73)] ReadMemory at 0x7ff9f05c0000 of 64 bytes failed: Only part of a ReadProcessMemory or WriteProcessMemory request was completed. (0x12B)
[1005/153256.072:WARNING:pe_image_reader.cc(340)] could not read dos header from C:\Program Files (x86)\Microsoft\Edge\Application\85.0.564.68\msedge_elf.dll
[1005/153256.072:ERROR:process_memory_win.cc(73)] ReadMemory at 0x7ffa114f0000 of 64 bytes failed: Only part of a ReadProcessMemory or WriteProcessMemory request was completed. (0x12B)
[1005/153256.073:WARNING:pe_image_reader.cc(340)] could not read dos header from C:\WINDOWS\System32\bcryptPrimitives.dll
[1005/153256.073:ERROR:process_memory_win.cc(73)] ReadMemory at 0x7ffa12a40000 of 64 bytes failed: Only part of a ReadProcessMemory or WriteProcessMemory request was completed. (0x12B)
[1005/153256.073:WARNING:pe_image_reader.cc(340)] could not read dos header from C:\WINDOWS\System32\ADVAPI32.dll
[1005/153256.073:ERROR:process_memory_win.cc(73)] ReadMemory at 0x7ffa12140000 of 64 bytes failed: Only part of a ReadProcessMemory or WriteProcessMemory request was completed. (0x12B)
[1005/153256.073:WARNING:pe_image_reader.cc(340)] could not read dos header from C:\WINDOWS\System32\msvcrt.dll
[1005/153256.073:ERROR:process_memory_win.cc(73)] ReadMemory at 0x7ffa136c0000 of 64 bytes failed: Only part of a ReadProcessMemory or WriteProcessMemory request was completed. (0x12B)
[1005/153256.073:WARNING:pe_image_reader.cc(340)] could not read dos header from C:\WINDOWS\System32\sechost.dll
[1005/153256.073:ERROR:process_memory_win.cc(73)] ReadMemory at 0x7ffa12400000 of 64 bytes failed: Only part of a ReadProcessMemory or WriteProcessMemory request was completed. (0x12B)
[1005/153256.073:WARNING:pe_image_reader.cc(340)] could not read dos header from C:\WINDOWS\System32\RPCRT4.dll
[1005/153256.073:ERROR:process_memory_win.cc(73)] ReadMemory at 0x7ff9887f0000 of 64 bytes failed: Only part of a ReadProcessMemory or WriteProcessMemory request was completed. (0x12B)
[1005/153256.073:WARNING:pe_image_reader.cc(340)] could not read dos header from C:\Program Files (x86)\Microsoft\Edge\Application\85.0.564.68\msedge.dll
[1005/153256.074:ERROR:process_memory_win.cc(73)] ReadMemory at 0x7ffa121f0000 of 64 bytes failed: Only part of a ReadProcessMemory or WriteProcessMemory request was completed. (0x12B)
[1005/153256.074:WARNING:pe_image_reader.cc(340)] could not read dos header from C:\WINDOWS\System32\WS2_32.dll
[1005/153256.074:ERROR:process_memory_win.cc(73)] ReadMemory at 0x7ffa11850000 of 64 bytes failed: Only part of a ReadProcessMemory or WriteProcessMemory request was completed. (0x12B)
[1005/153256.074:WARNING:pe_image_reader.cc(340)] could not read dos header from C:\WINDOWS\System32\OLEAUT32.dll
[1005/153256.074:ERROR:process_memory_win.cc(73)] ReadMemory at 0x7ffa10b00000 of 64 bytes failed: Only part of a ReadProcessMemory or WriteProcessMemory request was completed. (0x12B)
[1005/153256.074:WARNING:pe_image_reader.cc(340)] could not read dos header from C:\WINDOWS\System32\msvcp_win.dll
[1005/153256.074:ERROR:process_memory_win.cc(73)] ReadMemory at 0x7ffa10ba0000 of 64 bytes failed: Only part of a ReadProcessMemory or WriteProcessMemory request was completed. (0x12B)
[1005/153256.074:WARNING:pe_image_reader.cc(340)] could not read dos header from C:\WINDOWS\System32\ucrtbase.dll
[1005/153256.074:ERROR:process_memory_win.cc(73)] ReadMemory at 0x7ffa12af0000 of 64 bytes failed: Only part of a ReadProcessMemory or WriteProcessMemory request was completed. (0x12B)
[1005/153256.074:WARNING:pe_image_reader.cc(340)] could not read dos header from C:\WINDOWS\System32\combase.dll
[1005/153256.075:ERROR:process_memory_win.cc(73)] ReadMemory at 0x7ffa10aa0000 of 64 bytes failed: Only part of a ReadProcessMemory or WriteProcessMemory request was completed. (0x12B)
[1005/153256.075:WARNING:pe_image_reader.cc(340)] could not read dos header from C:\WINDOWS\System32\WINTRUST.dll
[1005/153256.075:ERROR:process_memory_win.cc(73)] ReadMemory at 0x7ffa10670000 of 64 bytes failed: Only part of a ReadProcessMemory or WriteProcessMemory request was completed. (0x12B)
[1005/153256.075:WARNING:pe_image_reader.cc(340)] could not read dos header from C:\WINDOWS\System32\MSASN1.dll
[1005/153256.075:ERROR:process_memory_win.cc(73)] ReadMemory at 0x7ffa10760000 of 64 bytes failed: Only part of a ReadProcessMemory or WriteProcessMemory request was completed. (0x12B)
[1005/153256.075:WARNING:pe_image_reader.cc(340)] could not read dos header from C:\WINDOWS\System32\CRYPT32.dll
[1005/153256.075:ERROR:process_memory_win.cc(73)] ReadMemory at 0x7ffa0fb60000 of 64 bytes failed: Only part of a ReadProcessMemory or WriteProcessMemory request was completed. (0x12B)
[1005/153256.075:WARNING:pe_image_reader.cc(340)] could not read dos header from C:\WINDOWS\SYSTEM32\IPHLPAPI.DLL
[1005/153256.075:ERROR:process_memory_win.cc(73)] ReadMemory at 0x7ffa0ca90000 of 64 bytes failed: Only part of a ReadProcessMemory or WriteProcessMemory request was completed. (0x12B)
[1005/153256.075:WARNING:pe_image_reader.cc(340)] could not read dos header from C:\WINDOWS\SYSTEM32\WINMM.dll
[1005/153256.075:ERROR:process_memory_win.cc(73)] ReadMemory at 0x7ff9e9950000 of 64 bytes failed: Only part of a ReadProcessMemory or WriteProcessMemory request was completed. (0x12B)
[1005/153256.075:WARNING:pe_image_reader.cc(340)] could not read dos header from C:\WINDOWS\SYSTEM32\UIAutomationCore.DLL
[1005/153256.076:ERROR:process_memory_win.cc(73)] ReadMemory at 0x7ff9ff120000 of 64 bytes failed: Only part of a ReadProcessMemory or WriteProcessMemory request was completed. (0x12B)
[1005/153256.076:WARNING:pe_image_reader.cc(340)] could not read dos header from C:\WINDOWS\SYSTEM32\Secur32.dll
[1005/153256.076:ERROR:process_memory_win.cc(73)] ReadMemory at 0x7ffa10540000 of 64 bytes failed: Only part of a ReadProcessMemory or WriteProcessMemory request was completed. (0x12B)
[1005/153256.076:WARNING:pe_image_reader.cc(340)] could not read dos header from C:\WINDOWS\SYSTEM32\USERENV.dll
[1005/153256.076:ERROR:process_memory_win.cc(73)] ReadMemory at 0x7ffa10690000 of 64 bytes failed: Only part of a ReadProcessMemory or WriteProcessMemory request was completed. (0x12B)
[1005/153256.076:WARNING:pe_image_reader.cc(340)] could not read dos header from C:\WINDOWS\System32\profapi.dll
[1005/153256.076:ERROR:process_memory_win.cc(73)] ReadMemory at 0x7ffa03870000 of 64 bytes failed: Only part of a ReadProcessMemory or WriteProcessMemory request was completed. (0x12B)
[1005/153256.076:WARNING:pe_image_reader.cc(340)] could not read dos header from C:\WINDOWS\SYSTEM32\WINHTTP.dll
[1005/153256.076:ERROR:process_memory_win.cc(73)] ReadMemory at 0x7ff9e3270000 of 64 bytes failed: Only part of a ReadProcessMemory or WriteProcessMemory request was completed. (0x12B)
[1005/153256.076:WARNING:pe_image_reader.cc(340)] could not read dos header from C:\WINDOWS\SYSTEM32\DWrite.dll
[1005/153256.076:ERROR:process_memory_win.cc(73)] ReadMemory at 0x7ff9f8fe0000 of 64 bytes failed: Only part of a ReadProcessMemory or WriteProcessMemory request was completed. (0x12B)
[1005/153256.076:WARNING:pe_image_reader.cc(340)] could not read dos header from C:\WINDOWS\SYSTEM32\WINSPOOL.DRV
[1005/153256.077:ERROR:process_memory_win.cc(73)] ReadMemory at 0x7ffa10710000 of 64 bytes failed: Only part of a ReadProcessMemory or WriteProcessMemory request was completed. (0x12B)
[1005/153256.077:WARNING:pe_image_reader.cc(340)] could not read dos header from C:\WINDOWS\System32\kernel.appcore.dll
[1005/153256.077:ERROR:process_memory_win.cc(73)] ReadMemory at 0x7ffa10730000 of 64 bytes failed: Only part of a ReadProcessMemory or WriteProcessMemory request was completed. (0x12B)
[1005/153256.077:WARNING:pe_image_reader.cc(340)] could not read dos header from C:\WINDOWS\System32\bcrypt.dll
[1005/153256.077:ERROR:process_memory_win.cc(73)] ReadMemory at 0x7ffa0f020000 of 64 bytes failed: Only part of a ReadProcessMemory or WriteProcessMemory request was completed. (0x12B)
[1005/153256.077:WARNING:pe_image_reader.cc(340)] could not read dos header from C:\WINDOWS\SYSTEM32\dbghelp.dll
[1005/153256.077:ERROR:process_memory_win.cc(73)] ReadMemory at 0x7ffa10120000 of 64 bytes failed: Only part of a ReadProcessMemory or WriteProcessMemory request was completed. (0x12B)
[1005/153256.077:WARNING:pe_image_reader.cc(340)] could not read dos header from C:\WINDOWS\SYSTEM32\ncrypt.dll
[1005/153256.077:ERROR:process_memory_win.cc(73)] ReadMemory at 0x7ffa04380000 of 64 bytes failed: Only part of a ReadProcessMemory or WriteProcessMemory request was completed. (0x12B)
[1005/153256.077:WARNING:pe_image_reader.cc(340)] could not read dos header from C:\WINDOWS\SYSTEM32\dhcpcsvc.DLL
[1005/153256.078:ERROR:process_memory_win.cc(73)] ReadMemory at 0x7ffa121e0000 of 64 bytes failed: Only part of a ReadProcessMemory or WriteProcessMemory request was completed. (0x12B)
[1005/153256.078:WARNING:pe_image_reader.cc(340)] could not read dos header from C:\WINDOWS\System32\NSI.dll
[1005/153256.078:ERROR:process_memory_win.cc(73)] ReadMemory at 0x7ffa0ca60000 of 64 bytes failed: Only part of a ReadProcessMemory or WriteProcessMemory request was completed. (0x12B)
[1005/153256.078:WARNING:pe_image_reader.cc(340)] could not read dos header from C:\WINDOWS\SYSTEM32\WINMMBASE.dll
[1005/153256.078:ERROR:process_memory_win.cc(73)] ReadMemory at 0x7ffa10a50000 of 64 bytes failed: Only part of a ReadProcessMemory or WriteProcessMemory request was completed. (0x12B)
[1005/153256.078:WARNING:pe_image_reader.cc(340)] could not read dos header from C:\WINDOWS\System32\cfgmgr32.dll
[1005/153256.078:ERROR:process_memory_win.cc(73)] ReadMemory at 0x7ffa0eab0000 of 64 bytes failed: Only part of a ReadProcessMemory or WriteProcessMemory request was completed. (0x12B)
[1005/153256.078:WARNING:pe_image_reader.cc(340)] could not read dos header from C:\WINDOWS\SYSTEM32\PROPSYS.dll
[1005/153256.078:ERROR:process_memory_win.cc(73)] ReadMemory at 0x7ffa13610000 of 64 bytes failed: Only part of a ReadProcessMemory or WriteProcessMemory request was completed. (0x12B)
[1005/153256.078:WARNING:pe_image_reader.cc(340)] could not read dos header from C:\WINDOWS\System32\shcore.dll
[1005/153256.078:ERROR:process_memory_win.cc(73)] ReadMemory at 0x7ffa100e0000 of 64 bytes failed: Only part of a ReadProcessMemory or WriteProcessMemory request was completed. (0x12B)
[1005/153256.078:WARNING:pe_image_reader.cc(340)] could not read dos header from C:\WINDOWS\SYSTEM32\NTASN1.dll
[1005/153256.079:ERROR:process_memory_win.cc(73)] ReadMemory at 0x7ffa10570000 of 64 bytes failed: Only part of a ReadProcessMemory or WriteProcessMemory request was completed. (0x12B)
[1005/153256.079:WARNING:pe_image_reader.cc(340)] could not read dos header from C:\WINDOWS\SYSTEM32\SSPICLI.DLL
[1005/153256.079:ERROR:process_memory_win.cc(73)] ReadMemory at 0x7ffa10020000 of 64 bytes failed: Only part of a ReadProcessMemory or WriteProcessMemory request was completed. (0x12B)
[1005/153256.079:WARNING:pe_image_reader.cc(340)] could not read dos header from C:\WINDOWS\SYSTEM32\CRYPTBASE.DLL
[1005/153256.079:ERROR:process_memory_win.cc(73)] ReadMemory at 0x7ffa13020000 of 64 bytes failed: Only part of a ReadProcessMemory or WriteProcessMemory request was completed. (0x12B)
[1005/153256.079:WARNING:pe_image_reader.cc(340)] could not read dos header from C:\WINDOWS\System32\GDI32.dll
[1005/153256.079:ERROR:process_memory_win.cc(73)] ReadMemory at 0x7ffa11820000 of 64 bytes failed: Only part of a ReadProcessMemory or WriteProcessMemory request was completed. (0x12B)
[1005/153256.079:WARNING:pe_image_reader.cc(340)] could not read dos header from C:\WINDOWS\System32\win32u.dll
[1005/153256.079:ERROR:process_memory_win.cc(73)] ReadMemory at 0x7ffa108b0000 of 64 bytes failed: Only part of a ReadProcessMemory or WriteProcessMemory request was completed. (0x12B)
[1005/153256.079:WARNING:pe_image_reader.cc(340)] could not read dos header from C:\WINDOWS\System32\gdi32full.dll
[1005/153256.079:ERROR:process_memory_win.cc(73)] ReadMemory at 0x7ffa12260000 of 64 bytes failed: Only part of a ReadProcessMemory or WriteProcessMemory request was completed. (0x12B)
[1005/153256.079:WARNING:pe_image_reader.cc(340)] could not read dos header from C:\WINDOWS\System32\USER32.dll
[1005/153256.080:ERROR:process_memory_win.cc(73)] ReadMemory at 0x7ffa12a10000 of 64 bytes failed: Only part of a ReadProcessMemory or WriteProcessMemory request was completed. (0x12B)
[1005/153256.080:WARNING:pe_image_reader.cc(340)] could not read dos header from C:\WINDOWS\System32\IMM32.DLL
[1005/153256.080:ERROR:process_memory_win.cc(73)] ReadMemory at 0x7ff9d0330000 of 64 bytes failed: Only part of a ReadProcessMemory or WriteProcessMemory request was completed. (0x12B)
[1005/153256.080:WARNING:pe_image_reader.cc(340)] could not read dos header from C:\Program Files (x86)\Microsoft\Edge\Application\85.0.564.68\mip_core.dll
[1005/153256.080:ERROR:process_memory_win.cc(73)] ReadMemory at 0x7ff9f9b20000 of 64 bytes failed: Only part of a ReadProcessMemory or WriteProcessMemory request was completed. (0x12B)
[1005/153256.080:WARNING:pe_image_reader.cc(340)] could not read dos header from C:\WINDOWS\SYSTEM32\MSVCP140.dll
[1005/153256.080:ERROR:process_memory_win.cc(73)] ReadMemory at 0x7ff9f4490000 of 64 bytes failed: Only part of a ReadProcessMemory or WriteProcessMemory request was completed. (0x12B)
[1005/153256.080:WARNING:pe_image_reader.cc(340)] could not read dos header from C:\WINDOWS\SYSTEM32\CONCRT140.dll
[1005/153256.080:ERROR:process_memory_win.cc(73)] ReadMemory at 0x7ff9f9b00000 of 64 bytes failed: Only part of a ReadProcessMemory or WriteProcessMemory request was completed. (0x12B)
[1005/153256.081:WARNING:pe_image_reader.cc(340)] could not read dos header from C:\WINDOWS\SYSTEM32\VCRUNTIME140.dll
[1005/153256.081:ERROR:process_memory_win.cc(73)] ReadMemory at 0x7ff9d0030000 of 64 bytes failed: Only part of a ReadProcessMemory or WriteProcessMemory request was completed. (0x12B)
[1005/153256.081:WARNING:pe_image_reader.cc(340)] could not read dos header from C:\Program Files (x86)\Microsoft\Edge\Application\85.0.564.68\mip_protection_sdk.dll
[1005/153256.087:ERROR:process_memory_win.cc(73)] ReadMemory at 0x7ff669ed0000 of 64 bytes failed: Only part of a ReadProcessMemory or WriteProcessMemory request was completed. (0x12B)
[1005/153256.087:WARNING:pe_image_reader.cc(340)] could not read dos header from C:\Program Files (x86)\Microsoft\Edge\Application\msedge.exe
[1005/153256.087:ERROR:process_memory_win.cc(73)] ReadMemory at 0x7ffa137a0000 of 64 bytes failed: Only part of a ReadProcessMemory or WriteProcessMemory request was completed. (0x12B)
[1005/153256.087:WARNING:pe_image_reader.cc(340)] could not read dos header from C:\WINDOWS\SYSTEM32\ntdll.dll
[1005/153256.087:ERROR:process_memory_win.cc(73)] ReadMemory at 0x7ffa127a0000 of 64 bytes failed: Only part of a ReadProcessMemory or WriteProcessMemory request was completed. (0x12B)
[1005/153256.088:WARNING:pe_image_reader.cc(340)] could not read dos header from C:\WINDOWS\System32\KERNEL32.DLL
[1005/153256.088:ERROR:process_memory_win.cc(73)] ReadMemory at 0x7ffa11570000 of 64 bytes failed: Only part of a ReadProcessMemory or WriteProcessMemory request was completed. (0x12B)
[1005/153256.088:WARNING:pe_image_reader.cc(340)] could not read dos header from C:\WINDOWS\System32\KERNELBASE.dll
[1005/153256.088:ERROR:process_memory_win.cc(73)] ReadMemory at 0x7ff9f05c0000 of 64 bytes failed: Only part of a ReadProcessMemory or WriteProcessMemory request was completed. (0x12B)
[1005/153256.088:WARNING:pe_image_reader.cc(340)] could not read dos header from C:\Program Files (x86)\Microsoft\Edge\Application\85.0.564.68\msedge_elf.dll
[1005/153256.088:ERROR:process_memory_win.cc(73)] ReadMemory at 0x7ffa114f0000 of 64 bytes failed: Only part of a ReadProcessMemory or WriteProcessMemory request was completed. (0x12B)
[1005/153256.088:WARNING:pe_image_reader.cc(340)] could not read dos header from C:\WINDOWS\System32\bcryptPrimitives.dll
[1005/153256.088:ERROR:process_memory_win.cc(73)] ReadMemory at 0x7ffa12a40000 of 64 bytes failed: Only part of a ReadProcessMemory or WriteProcessMemory request was completed. (0x12B)
[1005/153256.088:WARNING:pe_image_reader.cc(340)] could not read dos header from C:\WINDOWS\System32\ADVAPI32.dll
[1005/153256.089:ERROR:process_memory_win.cc(73)] ReadMemory at 0x7ffa12140000 of 64 bytes failed: Only part of a ReadProcessMemory or WriteProcessMemory request was completed. (0x12B)
[1005/153256.089:WARNING:pe_image_reader.cc(340)] could not read dos header from C:\WINDOWS\System32\msvcrt.dll
[1005/153256.089:ERROR:process_memory_win.cc(73)] ReadMemory at 0x7ffa136c0000 of 64 bytes failed: Only part of a ReadProcessMemory or WriteProcessMemory request was completed. (0x12B)
[1005/153256.089:WARNING:pe_image_reader.cc(340)] could not read dos header from C:\WINDOWS\System32\sechost.dll
[1005/153256.089:ERROR:process_memory_win.cc(73)] ReadMemory at 0x7ffa12400000 of 64 bytes failed: Only part of a ReadProcessMemory or WriteProcessMemory request was completed. (0x12B)
[1005/153256.089:WARNING:pe_image_reader.cc(340)] could not read dos header from C:\WINDOWS\System32\RPCRT4.dll
[1005/153256.089:ERROR:process_memory_win.cc(73)] ReadMemory at 0x7ff9887f0000 of 64 bytes failed: Only part of a ReadProcessMemory or WriteProcessMemory request was completed. (0x12B)
[1005/153256.089:WARNING:pe_image_reader.cc(340)] could not read dos header from C:\Program Files (x86)\Microsoft\Edge\Application\85.0.564.68\msedge.dll
[1005/153256.089:ERROR:process_memory_win.cc(73)] ReadMemory at 0x7ffa121f0000 of 64 bytes failed: Only part of a ReadProcessMemory or WriteProcessMemory request was completed. (0x12B)
[1005/153256.090:WARNING:pe_image_reader.cc(340)] could not read dos header from C:\WINDOWS\System32\WS2_32.dll
[1005/153256.090:ERROR:process_memory_win.cc(73)] ReadMemory at 0x7ffa11850000 of 64 bytes failed: Only part of a ReadProcessMemory or WriteProcessMemory request was completed. (0x12B)
[1005/153256.090:WARNING:pe_image_reader.cc(340)] could not read dos header from C:\WINDOWS\System32\OLEAUT32.dll
[1005/153256.090:ERROR:process_memory_win.cc(73)] ReadMemory at 0x7ffa10b00000 of 64 bytes failed: Only part of a ReadProcessMemory or WriteProcessMemory request was completed. (0x12B)
[1005/153256.090:WARNING:pe_image_reader.cc(340)] could not read dos header from C:\WINDOWS\System32\msvcp_win.dll
[1005/153256.090:ERROR:process_memory_win.cc(73)] ReadMemory at 0x7ffa10ba0000 of 64 bytes failed: Only part of a ReadProcessMemory or WriteProcessMemory request was completed. (0x12B)
[1005/153256.090:WARNING:pe_image_reader.cc(340)] could not read dos header from C:\WINDOWS\System32\ucrtbase.dll
[1005/153256.090:ERROR:process_memory_win.cc(73)] ReadMemory at 0x7ffa12af0000 of 64 bytes failed: Only part of a ReadProcessMemory or WriteProcessMemory request was completed. (0x12B)
[1005/153256.090:WARNING:pe_image_reader.cc(340)] could not read dos header from C:\WINDOWS\System32\combase.dll
[1005/153256.090:ERROR:process_memory_win.cc(73)] ReadMemory at 0x7ffa10aa0000 of 64 bytes failed: Only part of a ReadProcessMemory or WriteProcessMemory request was completed. (0x12B)
[1005/153256.090:WARNING:pe_image_reader.cc(340)] could not read dos header from C:\WINDOWS\System32\WINTRUST.dll
[1005/153256.091:ERROR:process_memory_win.cc(73)] ReadMemory at 0x7ffa10670000 of 64 bytes failed: Only part of a ReadProcessMemory or WriteProcessMemory request was completed. (0x12B)
[1005/153256.091:WARNING:pe_image_reader.cc(340)] could not read dos header from C:\WINDOWS\System32\MSASN1.dll
[1005/153256.091:ERROR:process_memory_win.cc(73)] ReadMemory at 0x7ffa10760000 of 64 bytes failed: Only part of a ReadProcessMemory or WriteProcessMemory request was completed. (0x12B)
[1005/153256.091:WARNING:pe_image_reader.cc(340)] could not read dos header from C:\WINDOWS\System32\CRYPT32.dll
[1005/153256.091:ERROR:process_memory_win.cc(73)] ReadMemory at 0x7ffa0fb60000 of 64 bytes failed: Only part of a ReadProcessMemory or WriteProcessMemory request was completed. (0x12B)
[1005/153256.091:WARNING:pe_image_reader.cc(340)] could not read dos header from C:\WINDOWS\SYSTEM32\IPHLPAPI.DLL
[1005/153256.091:ERROR:process_memory_win.cc(73)] ReadMemory at 0x7ffa0ca90000 of 64 bytes failed: Only part of a ReadProcessMemory or WriteProcessMemory request was completed. (0x12B)
[1005/153256.091:WARNING:pe_image_reader.cc(340)] could not read dos header from C:\WINDOWS\SYSTEM32\WINMM.dll
[1005/153256.091:ERROR:process_memory_win.cc(73)] ReadMemory at 0x7ff9e9950000 of 64 bytes failed: Only part of a ReadProcessMemory or WriteProcessMemory request was completed. (0x12B)
[1005/153256.092:WARNING:pe_image_reader.cc(340)] could not read dos header from C:\WINDOWS\SYSTEM32\UIAutomationCore.DLL
[1005/153256.092:ERROR:process_memory_win.cc(73)] ReadMemory at 0x7ff9ff120000 of 64 bytes failed: Only part of a ReadProcessMemory or WriteProcessMemory request was completed. (0x12B)
[1005/153256.092:WARNING:pe_image_reader.cc(340)] could not read dos header from C:\WINDOWS\SYSTEM32\Secur32.dll
[1005/153256.092:ERROR:process_memory_win.cc(73)] ReadMemory at 0x7ffa10540000 of 64 bytes failed: Only part of a ReadProcessMemory or WriteProcessMemory request was completed. (0x12B)
[1005/153256.092:WARNING:pe_image_reader.cc(340)] could not read dos header from C:\WINDOWS\SYSTEM32\USERENV.dll
[1005/153256.092:ERROR:process_memory_win.cc(73)] ReadMemory at 0x7ffa10690000 of 64 bytes failed: Only part of a ReadProcessMemory or WriteProcessMemory request was completed. (0x12B)
[1005/153256.092:WARNING:pe_image_reader.cc(340)] could not read dos header from C:\WINDOWS\System32\profapi.dll
[1005/153256.092:ERROR:process_memory_win.cc(73)] ReadMemory at 0x7ffa03870000 of 64 bytes failed: Only part of a ReadProcessMemory or WriteProcessMemory request was completed. (0x12B)
[1005/153256.092:WARNING:pe_image_reader.cc(340)] could not read dos header from C:\WINDOWS\SYSTEM32\WINHTTP.dll
[1005/153256.093:ERROR:process_memory_win.cc(73)] ReadMemory at 0x7ff9e3270000 of 64 bytes failed: Only part of a ReadProcessMemory or WriteProcessMemory request was completed. (0x12B)
[1005/153256.093:WARNING:pe_image_reader.cc(340)] could not read dos header from C:\WINDOWS\SYSTEM32\DWrite.dll
[1005/153256.093:ERROR:process_memory_win.cc(73)] ReadMemory at 0x7ff9f8fe0000 of 64 bytes failed: Only part of a ReadProcessMemory or WriteProcessMemory request was completed. (0x12B)
[1005/153256.093:WARNING:pe_image_reader.cc(340)] could not read dos header from C:\WINDOWS\SYSTEM32\WINSPOOL.DRV
[1005/153256.093:ERROR:process_memory_win.cc(73)] ReadMemory at 0x7ffa10710000 of 64 bytes failed: Only part of a ReadProcessMemory or WriteProcessMemory request was completed. (0x12B)
[1005/153256.093:WARNING:pe_image_reader.cc(340)] could not read dos header from C:\WINDOWS\System32\kernel.appcore.dll
[1005/153256.093:ERROR:process_memory_win.cc(73)] ReadMemory at 0x7ffa10730000 of 64 bytes failed: Only part of a ReadProcessMemory or WriteProcessMemory request was completed. (0x12B)
[1005/153256.093:WARNING:pe_image_reader.cc(340)] could not read dos header from C:\WINDOWS\System32\bcrypt.dll
[1005/153256.093:ERROR:process_memory_win.cc(73)] ReadMemory at 0x7ffa0f020000 of 64 bytes failed: Only part of a ReadProcessMemory or WriteProcessMemory request was completed. (0x12B)
[1005/153256.093:WARNING:pe_image_reader.cc(340)] could not read dos header from C:\WINDOWS\SYSTEM32\dbghelp.dll
[1005/153256.093:ERROR:process_memory_win.cc(73)] ReadMemory at 0x7ffa10120000 of 64 bytes failed: Only part of a ReadProcessMemory or WriteProcessMemory request was completed. (0x12B)
[1005/153256.093:WARNING:pe_image_reader.cc(340)] could not read dos header from C:\WINDOWS\SYSTEM32\ncrypt.dll
[1005/153256.093:ERROR:process_memory_win.cc(73)] ReadMemory at 0x7ffa04380000 of 64 bytes failed: Only part of a ReadProcessMemory or WriteProcessMemory request was completed. (0x12B)
[1005/153256.094:WARNING:pe_image_reader.cc(340)] could not read dos header from C:\WINDOWS\SYSTEM32\dhcpcsvc.DLL
[1005/153256.094:ERROR:process_memory_win.cc(73)] ReadMemory at 0x7ffa121e0000 of 64 bytes failed: Only part of a ReadProcessMemory or WriteProcessMemory request was completed. (0x12B)
[1005/153256.094:WARNING:pe_image_reader.cc(340)] could not read dos header from C:\WINDOWS\System32\NSI.dll
[1005/153256.094:ERROR:process_memory_win.cc(73)] ReadMemory at 0x7ffa0ca60000 of 64 bytes failed: Only part of a ReadProcessMemory or WriteProcessMemory request was completed. (0x12B)
[1005/153256.094:WARNING:pe_image_reader.cc(340)] could not read dos header from C:\WINDOWS\SYSTEM32\WINMMBASE.dll
[1005/153256.094:ERROR:process_memory_win.cc(73)] ReadMemory at 0x7ffa10a50000 of 64 bytes failed: Only part of a ReadProcessMemory or WriteProcessMemory request was completed. (0x12B)
[1005/153256.094:WARNING:pe_image_reader.cc(340)] could not read dos header from C:\WINDOWS\System32\cfgmgr32.dll
[1005/153256.094:ERROR:process_memory_win.cc(73)] ReadMemory at 0x7ffa0eab0000 of 64 bytes failed: Only part of a ReadProcessMemory or WriteProcessMemory request was completed. (0x12B)
[1005/153256.094:WARNING:pe_image_reader.cc(340)] could not read dos header from C:\WINDOWS\SYSTEM32\PROPSYS.dll
[1005/153256.094:ERROR:process_memory_win.cc(73)] ReadMemory at 0x7ffa13610000 of 64 bytes failed: Only part of a ReadProcessMemory or WriteProcessMemory request was completed. (0x12B)
[1005/153256.095:WARNING:pe_image_reader.cc(340)] could not read dos header from C:\WINDOWS\System32\shcore.dll
[1005/153256.095:ERROR:process_memory_win.cc(73)] ReadMemory at 0x7ffa100e0000 of 64 bytes failed: Only part of a ReadProcessMemory or WriteProcessMemory request was completed. (0x12B)
[1005/153256.095:WARNING:pe_image_reader.cc(340)] could not read dos header from C:\WINDOWS\SYSTEM32\NTASN1.dll
[1005/153256.095:ERROR:process_memory_win.cc(73)] ReadMemory at 0x7ffa10570000 of 64 bytes failed: Only part of a ReadProcessMemory or WriteProcessMemory request was completed. (0x12B)
[1005/153256.095:WARNING:pe_image_reader.cc(340)] could not read dos header from C:\WINDOWS\SYSTEM32\SSPICLI.DLL
[1005/153256.095:ERROR:process_memory_win.cc(73)] ReadMemory at 0x7ffa10020000 of 64 bytes failed: Only part of a ReadProcessMemory or WriteProcessMemory request was completed. (0x12B)
[1005/153256.095:WARNING:pe_image_reader.cc(340)] could not read dos header from C:\WINDOWS\SYSTEM32\CRYPTBASE.DLL
[1005/153256.095:ERROR:process_memory_win.cc(73)] ReadMemory at 0x7ffa13020000 of 64 bytes failed: Only part of a ReadProcessMemory or WriteProcessMemory request was completed. (0x12B)
[1005/153256.095:WARNING:pe_image_reader.cc(340)] could not read dos header from C:\WINDOWS\System32\GDI32.dll
[1005/153256.095:ERROR:process_memory_win.cc(73)] ReadMemory at 0x7ffa11820000 of 64 bytes failed: Only part of a ReadProcessMemory or WriteProcessMemory request was completed. (0x12B)
[1005/153256.095:WARNING:pe_image_reader.cc(340)] could not read dos header from C:\WINDOWS\System32\win32u.dll
[1005/153256.095:ERROR:process_memory_win.cc(73)] ReadMemory at 0x7ffa108b0000 of 64 bytes failed: Only part of a ReadProcessMemory or WriteProcessMemory request was completed. (0x12B)
[1005/153256.096:WARNING:pe_image_reader.cc(340)] could not read dos header from C:\WINDOWS\System32\gdi32full.dll
[1005/153256.096:ERROR:process_memory_win.cc(73)] ReadMemory at 0x7ffa12260000 of 64 bytes failed: Only part of a ReadProcessMemory or WriteProcessMemory request was completed. (0x12B)
[1005/153256.096:WARNING:pe_image_reader.cc(340)] could not read dos header from C:\WINDOWS\System32\USER32.dll
[1005/153256.096:ERROR:process_memory_win.cc(73)] ReadMemory at 0x7ffa12a10000 of 64 bytes failed: Only part of a ReadProcessMemory or WriteProcessMemory request was completed. (0x12B)
[1005/153256.096:WARNING:pe_image_reader.cc(340)] could not read dos header from C:\WINDOWS\System32\IMM32.DLL
[1005/153256.096:ERROR:process_memory_win.cc(73)] ReadMemory at 0x7ff9d0330000 of 64 bytes failed: Only part of a ReadProcessMemory or WriteProcessMemory request was completed. (0x12B)
[1005/153256.096:WARNING:pe_image_reader.cc(340)] could not read dos header from C:\Program Files (x86)\Microsoft\Edge\Application\85.0.564.68\mip_core.dll
[1005/153256.096:ERROR:process_memory_win.cc(73)] ReadMemory at 0x7ff9f9b20000 of 64 bytes failed: Only part of a ReadProcessMemory or WriteProcessMemory request was completed. (0x12B)
[1005/153256.096:WARNING:pe_image_reader.cc(340)] could not read dos header from C:\WINDOWS\SYSTEM32\MSVCP140.dll
[1005/153256.096:ERROR:process_memory_win.cc(73)] ReadMemory at 0x7ff9f4490000 of 64 bytes failed: Only part of a ReadProcessMemory or WriteProcessMemory request was completed. (0x12B)
[1005/153256.097:WARNING:pe_image_reader.cc(340)] could not read dos header from C:\WINDOWS\SYSTEM32\CONCRT140.dll
[1005/153256.097:ERROR:process_memory_win.cc(73)] ReadMemory at 0x7ff9f9b00000 of 64 bytes failed: Only part of a ReadProcessMemory or WriteProcessMemory request was completed. (0x12B)
[1005/153256.097:WARNING:pe_image_reader.cc(340)] could not read dos header from C:\WINDOWS\SYSTEM32\VCRUNTIME140.dll
[1005/153256.097:ERROR:process_memory_win.cc(73)] ReadMemory at 0x7ff9d0030000 of 64 bytes failed: Only part of a ReadProcessMemory or WriteProcessMemory request was completed. (0x12B)
[1005/153256.097:WARNING:pe_image_reader.cc(340)] could not read dos header from C:\Program Files (x86)\Microsoft\Edge\Application\85.0.564.68\mip_protection_sdk.dll
[1005/153256.097:ERROR:process_memory_win.cc(73)] ReadMemory at 0x7ff669ed0000 of 64 bytes failed: Only part of a ReadProcessMemory or WriteProcessMemory request was completed. (0x12B)
[1005/153256.097:WARNING:pe_image_reader.cc(340)] could not read dos header from C:\Program Files (x86)\Microsoft\Edge\Application\msedge.exe
[1005/153256.098:ERROR:process_memory_win.cc(73)] ReadMemory at 0x7ffa137a0000 of 64 bytes failed: Only part of a ReadProcessMemory or WriteProcessMemory request was completed. (0x12B)
[1005/153256.098:WARNING:pe_image_reader.cc(340)] could not read dos header from C:\WINDOWS\SYSTEM32\ntdll.dll
[1005/153256.098:ERROR:process_memory_win.cc(73)] ReadMemory at 0x7ffa127a0000 of 64 bytes failed: Only part of a ReadProcessMemory or WriteProcessMemory request was completed. (0x12B)
[1005/153256.098:WARNING:pe_image_reader.cc(340)] could not read dos header from C:\WINDOWS\System32\KERNEL32.DLL
[1005/153256.098:ERROR:process_memory_win.cc(73)] ReadMemory at 0x7ffa11570000 of 64 bytes failed: Only part of a ReadProcessMemory or WriteProcessMemory request was completed. (0x12B)
[1005/153256.098:WARNING:pe_image_reader.cc(340)] could not read dos header from C:\WINDOWS\System32\KERNELBASE.dll
[1005/153256.098:ERROR:process_memory_win.cc(73)] ReadMemory at 0x7ff9f05c0000 of 64 bytes failed: Only part of a ReadProcessMemory or WriteProcessMemory request was completed. (0x12B)
[1005/153256.098:WARNING:pe_image_reader.cc(340)] could not read dos header from C:\Program Files (x86)\Microsoft\Edge\Application\85.0.564.68\msedge_elf.dll
[1005/153256.098:ERROR:process_memory_win.cc(73)] ReadMemory at 0x7ffa114f0000 of 64 bytes failed: Only part of a ReadProcessMemory or WriteProcessMemory request was completed. (0x12B)
[1005/153256.098:WARNING:pe_image_reader.cc(340)] could not read dos header from C:\WINDOWS\System32\bcryptPrimitives.dll
[1005/153256.098:ERROR:process_memory_win.cc(73)] ReadMemory at 0x7ffa12a40000 of 64 bytes failed: Only part of a ReadProcessMemory or WriteProcessMemory request was completed. (0x12B)
[1005/153256.099:WARNING:pe_image_reader.cc(340)] could not read dos header from C:\WINDOWS\System32\ADVAPI32.dll
[1005/153256.099:ERROR:process_memory_win.cc(73)] ReadMemory at 0x7ffa12140000 of 64 bytes failed: Only part of a ReadProcessMemory or WriteProcessMemory request was completed. (0x12B)
[1005/153256.099:WARNING:pe_image_reader.cc(340)] could not read dos header from C:\WINDOWS\System32\msvcrt.dll
[1005/153256.099:ERROR:process_memory_win.cc(73)] ReadMemory at 0x7ffa136c0000 of 64 bytes failed: Only part of a ReadProcessMemory or WriteProcessMemory request was completed. (0x12B)
[1005/153256.099:WARNING:pe_image_reader.cc(340)] could not read dos header from C:\WINDOWS\System32\sechost.dll
[1005/153256.099:ERROR:process_memory_win.cc(73)] ReadMemory at 0x7ffa12400000 of 64 bytes failed: Only part of a ReadProcessMemory or WriteProcessMemory request was completed. (0x12B)
[1005/153256.099:WARNING:pe_image_reader.cc(340)] could not read dos header from C:\WINDOWS\System32\RPCRT4.dll
[1005/153256.099:ERROR:process_memory_win.cc(73)] ReadMemory at 0x7ff9887f0000 of 64 bytes failed: Only part of a ReadProcessMemory or WriteProcessMemory request was completed. (0x12B)
[1005/153256.099:WARNING:pe_image_reader.cc(340)] could not read dos header from C:\Program Files (x86)\Microsoft\Edge\Application\85.0.564.68\msedge.dll
[1005/153256.099:ERROR:process_memory_win.cc(73)] ReadMemory at 0x7ffa121f0000 of 64 bytes failed: Only part of a ReadProcessMemory or WriteProcessMemory request was completed. (0x12B)
[1005/153256.099:WARNING:pe_image_reader.cc(340)] could not read dos header from C:\WINDOWS\System32\WS2_32.dll
[1005/153256.100:ERROR:process_memory_win.cc(73)] ReadMemory at 0x7ffa11850000 of 64 bytes failed: Only part of a ReadProcessMemory or WriteProcessMemory request was completed. (0x12B)
[1005/153256.100:WARNING:pe_image_reader.cc(340)] could not read dos header from C:\WINDOWS\System32\OLEAUT32.dll
[1005/153256.100:ERROR:process_memory_win.cc(73)] ReadMemory at 0x7ffa10b00000 of 64 bytes failed: Only part of a ReadProcessMemory or WriteProcessMemory request was completed. (0x12B)
[1005/153256.100:WARNING:pe_image_reader.cc(340)] could not read dos header from C:\WINDOWS\System32\msvcp_win.dll
[1005/153256.100:ERROR:process_memory_win.cc(73)] ReadMemory at 0x7ffa10ba0000 of 64 bytes failed: Only part of a ReadProcessMemory or WriteProcessMemory request was completed. (0x12B)
[1005/153256.100:WARNING:pe_image_reader.cc(340)] could not read dos header from C:\WINDOWS\System32\ucrtbase.dll
[1005/153256.100:ERROR:process_memory_win.cc(73)] ReadMemory at 0x7ffa12af0000 of 64 bytes failed: Only part of a ReadProcessMemory or WriteProcessMemory request was completed. (0x12B)
[1005/153256.100:WARNING:pe_image_reader.cc(340)] could not read dos header from C:\WINDOWS\System32\combase.dll
[1005/153256.100:ERROR:process_memory_win.cc(73)] ReadMemory at 0x7ffa10aa0000 of 64 bytes failed: Only part of a ReadProcessMemory or WriteProcessMemory request was completed. (0x12B)
[1005/153256.101:WARNING:pe_image_reader.cc(340)] could not read dos header from C:\WINDOWS\System32\WINTRUST.dll
[1005/153256.101:ERROR:process_memory_win.cc(73)] ReadMemory at 0x7ffa10670000 of 64 bytes failed: Only part of a ReadProcessMemory or WriteProcessMemory request was completed. (0x12B)
[1005/153256.101:WARNING:pe_image_reader.cc(340)] could not read dos header from C:\WINDOWS\System32\MSASN1.dll
[1005/153256.101:ERROR:process_memory_win.cc(73)] ReadMemory at 0x7ffa10760000 of 64 bytes failed: Only part of a ReadProcessMemory or WriteProcessMemory request was completed. (0x12B)
[1005/153256.101:WARNING:pe_image_reader.cc(340)] could not read dos header from C:\WINDOWS\System32\CRYPT32.dll
[1005/153256.101:ERROR:process_memory_win.cc(73)] ReadMemory at 0x7ffa0fb60000 of 64 bytes failed: Only part of a ReadProcessMemory or WriteProcessMemory request was completed. (0x12B)
[1005/153256.101:WARNING:pe_image_reader.cc(340)] could not read dos header from C:\WINDOWS\SYSTEM32\IPHLPAPI.DLL
[1005/153256.102:ERROR:process_memory_win.cc(73)] ReadMemory at 0x7ffa0ca90000 of 64 bytes failed: Only part of a ReadProcessMemory or WriteProcessMemory request was completed. (0x12B)
[1005/153256.102:WARNING:pe_image_reader.cc(340)] could not read dos header from C:\WINDOWS\SYSTEM32\WINMM.dll
[1005/153256.102:ERROR:process_memory_win.cc(73)] ReadMemory at 0x7ff9e9950000 of 64 bytes failed: Only part of a ReadProcessMemory or WriteProcessMemory request was completed. (0x12B)
[1005/153256.102:WARNING:pe_image_reader.cc(340)] could not read dos header from C:\WINDOWS\SYSTEM32\UIAutomationCore.DLL
[1005/153256.102:ERROR:process_memory_win.cc(73)] ReadMemory at 0x7ff9ff120000 of 64 bytes failed: Only part of a ReadProcessMemory or WriteProcessMemory request was completed. (0x12B)
[1005/153256.102:WARNING:pe_image_reader.cc(340)] could not read dos header from C:\WINDOWS\SYSTEM32\Secur32.dll
[1005/153256.102:ERROR:process_memory_win.cc(73)] ReadMemory at 0x7ffa10540000 of 64 bytes failed: Only part of a ReadProcessMemory or WriteProcessMemory request was completed. (0x12B)
[1005/153256.102:WARNING:pe_image_reader.cc(340)] could not read dos header from C:\WINDOWS\SYSTEM32\USERENV.dll
[1005/153256.103:ERROR:process_memory_win.cc(73)] ReadMemory at 0x7ffa10690000 of 64 bytes failed: Only part of a ReadProcessMemory or WriteProcessMemory request was completed. (0x12B)
[1005/153256.103:WARNING:pe_image_reader.cc(340)] could not read dos header from C:\WINDOWS\System32\profapi.dll
[1005/153256.103:ERROR:process_memory_win.cc(73)] ReadMemory at 0x7ffa03870000 of 64 bytes failed: Only part of a ReadProcessMemory or WriteProcessMemory request was completed. (0x12B)
[1005/153256.103:WARNING:pe_image_reader.cc(340)] could not read dos header from C:\WINDOWS\SYSTEM32\WINHTTP.dll
[1005/153256.103:ERROR:process_memory_win.cc(73)] ReadMemory at 0x7ff9e3270000 of 64 bytes failed: Only part of a ReadProcessMemory or WriteProcessMemory request was completed. (0x12B)
[1005/153256.103:WARNING:pe_image_reader.cc(340)] could not read dos header from C:\WINDOWS\SYSTEM32\DWrite.dll
[1005/153256.103:ERROR:process_memory_win.cc(73)] ReadMemory at 0x7ff9f8fe0000 of 64 bytes failed: Only part of a ReadProcessMemory or WriteProcessMemory request was completed. (0x12B)
[1005/153256.103:WARNING:pe_image_reader.cc(340)] could not read dos header from C:\WINDOWS\SYSTEM32\WINSPOOL.DRV
[1005/153256.104:ERROR:process_memory_win.cc(73)] ReadMemory at 0x7ffa10710000 of 64 bytes failed: Only part of a ReadProcessMemory or WriteProcessMemory request was completed. (0x12B)
[1005/153256.104:WARNING:pe_image_reader.cc(340)] could not read dos header from C:\WINDOWS\System32\kernel.appcore.dll
[1005/153256.104:ERROR:process_memory_win.cc(73)] ReadMemory at 0x7ffa10730000 of 64 bytes failed: Only part of a ReadProcessMemory or WriteProcessMemory request was completed. (0x12B)
[1005/153256.104:WARNING:pe_image_reader.cc(340)] could not read dos header from C:\WINDOWS\System32\bcrypt.dll
[1005/153256.104:ERROR:process_memory_win.cc(73)] ReadMemory at 0x7ffa0f020000 of 64 bytes failed: Only part of a ReadProcessMemory or WriteProcessMemory request was completed. (0x12B)
[1005/153256.104:WARNING:pe_image_reader.cc(340)] could not read dos header from C:\WINDOWS\SYSTEM32\dbghelp.dll
[1005/153256.104:ERROR:process_memory_win.cc(73)] ReadMemory at 0x7ffa10120000 of 64 bytes failed: Only part of a ReadProcessMemory or WriteProcessMemory request was completed. (0x12B)
[1005/153256.104:WARNING:pe_image_reader.cc(340)] could not read dos header from C:\WINDOWS\SYSTEM32\ncrypt.dll
[1005/153256.104:ERROR:process_memory_win.cc(73)] ReadMemory at 0x7ffa04380000 of 64 bytes failed: Only part of a ReadProcessMemory or WriteProcessMemory request was completed. (0x12B)
[1005/153256.104:WARNING:pe_image_reader.cc(340)] could not read dos header from C:\WINDOWS\SYSTEM32\dhcpcsvc.DLL
[1005/153256.104:ERROR:process_memory_win.cc(73)] ReadMemory at 0x7ffa121e0000 of 64 bytes failed: Only part of a ReadProcessMemory or WriteProcessMemory request was completed. (0x12B)
[1005/153256.104:WARNING:pe_image_reader.cc(340)] could not read dos header from C:\WINDOWS\System32\NSI.dll
[1005/153256.105:ERROR:process_memory_win.cc(73)] ReadMemory at 0x7ffa0ca60000 of 64 bytes failed: Only part of a ReadProcessMemory or WriteProcessMemory request was completed. (0x12B)
[1005/153256.105:WARNING:pe_image_reader.cc(340)] could not read dos header from C:\WINDOWS\SYSTEM32\WINMMBASE.dll
[1005/153256.105:ERROR:process_memory_win.cc(73)] ReadMemory at 0x7ffa10a50000 of 64 bytes failed: Only part of a ReadProcessMemory or WriteProcessMemory request was completed. (0x12B)
[1005/153256.105:WARNING:pe_image_reader.cc(340)] could not read dos header from C:\WINDOWS\System32\cfgmgr32.dll
[1005/153256.105:ERROR:process_memory_win.cc(73)] ReadMemory at 0x7ffa0eab0000 of 64 bytes failed: Only part of a ReadProcessMemory or WriteProcessMemory request was completed. (0x12B)
[1005/153256.105:WARNING:pe_image_reader.cc(340)] could not read dos header from C:\WINDOWS\SYSTEM32\PROPSYS.dll
[1005/153256.105:ERROR:process_memory_win.cc(73)] ReadMemory at 0x7ffa13610000 of 64 bytes failed: Only part of a ReadProcessMemory or WriteProcessMemory request was completed. (0x12B)
[1005/153256.105:WARNING:pe_image_reader.cc(340)] could not read dos header from C:\WINDOWS\System32\shcore.dll
[1005/153256.105:ERROR:process_memory_win.cc(73)] ReadMemory at 0x7ffa100e0000 of 64 bytes failed: Only part of a ReadProcessMemory or WriteProcessMemory request was completed. (0x12B)
[1005/153256.105:WARNING:pe_image_reader.cc(340)] could not read dos header from C:\WINDOWS\SYSTEM32\NTASN1.dll
[1005/153256.105:ERROR:process_memory_win.cc(73)] ReadMemory at 0x7ffa10570000 of 64 bytes failed: Only part of a ReadProcessMemory or WriteProcessMemory request was completed. (0x12B)
[1005/153256.106:WARNING:pe_image_reader.cc(340)] could not read dos header from C:\WINDOWS\SYSTEM32\SSPICLI.DLL
[1005/153256.106:ERROR:process_memory_win.cc(73)] ReadMemory at 0x7ffa10020000 of 64 bytes failed: Only part of a ReadProcessMemory or WriteProcessMemory request was completed. (0x12B)
[1005/153256.106:WARNING:pe_image_reader.cc(340)] could not read dos header from C:\WINDOWS\SYSTEM32\CRYPTBASE.DLL
[1005/153256.106:ERROR:process_memory_win.cc(73)] ReadMemory at 0x7ffa13020000 of 64 bytes failed: Only part of a ReadProcessMemory or WriteProcessMemory request was completed. (0x12B)
[1005/153256.106:WARNING:pe_image_reader.cc(340)] could not read dos header from C:\WINDOWS\System32\GDI32.dll
[1005/153256.106:ERROR:process_memory_win.cc(73)] ReadMemory at 0x7ffa11820000 of 64 bytes failed: Only part of a ReadProcessMemory or WriteProcessMemory request was completed. (0x12B)
[1005/153256.106:WARNING:pe_image_reader.cc(340)] could not read dos header from C:\WINDOWS\System32\win32u.dll
[1005/153256.106:ERROR:process_memory_win.cc(73)] ReadMemory at 0x7ffa108b0000 of 64 bytes failed: Only part of a ReadProcessMemory or WriteProcessMemory request was completed. (0x12B)
[1005/153256.106:WARNING:pe_image_reader.cc(340)] could not read dos header from C:\WINDOWS\System32\gdi32full.dll
[1005/153256.106:ERROR:process_memory_win.cc(73)] ReadMemory at 0x7ffa12260000 of 64 bytes failed: Only part of a ReadProcessMemory or WriteProcessMemory request was completed. (0x12B)
[1005/153256.106:WARNING:pe_image_reader.cc(340)] could not read dos header from C:\WINDOWS\System32\USER32.dll
[1005/153256.106:ERROR:process_memory_win.cc(73)] ReadMemory at 0x7ffa12a10000 of 64 bytes failed: Only part of a ReadProcessMemory or WriteProcessMemory request was completed. (0x12B)
[1005/153256.107:WARNING:pe_image_reader.cc(340)] could not read dos header from C:\WINDOWS\System32\IMM32.DLL
[1005/153256.107:ERROR:process_memory_win.cc(73)] ReadMemory at 0x7ff9d0330000 of 64 bytes failed: Only part of a ReadProcessMemory or WriteProcessMemory request was completed. (0x12B)
[1005/153256.107:WARNING:pe_image_reader.cc(340)] could not read dos header from C:\Program Files (x86)\Microsoft\Edge\Application\85.0.564.68\mip_core.dll
[1005/153256.107:ERROR:process_memory_win.cc(73)] ReadMemory at 0x7ff9f9b20000 of 64 bytes failed: Only part of a ReadProcessMemory or WriteProcessMemory request was completed. (0x12B)
[1005/153256.107:WARNING:pe_image_reader.cc(340)] could not read dos header from C:\WINDOWS\SYSTEM32\MSVCP140.dll
[1005/153256.107:ERROR:process_memory_win.cc(73)] ReadMemory at 0x7ff9f4490000 of 64 bytes failed: Only part of a ReadProcessMemory or WriteProcessMemory request was completed. (0x12B)
[1005/153256.107:WARNING:pe_image_reader.cc(340)] could not read dos header from C:\WINDOWS\SYSTEM32\CONCRT140.dll
[1005/153256.107:ERROR:process_memory_win.cc(73)] ReadMemory at 0x7ff9f9b00000 of 64 bytes failed: Only part of a ReadProcessMemory or WriteProcessMemory request was completed. (0x12B)
[1005/153256.107:WARNING:pe_image_reader.cc(340)] could not read dos header from C:\WINDOWS\SYSTEM32\VCRUNTIME140.dll
[1005/153256.107:ERROR:process_memory_win.cc(73)] ReadMemory at 0x7ff9d0030000 of 64 bytes failed: Only part of a ReadProcessMemory or WriteProcessMemory request was completed. (0x12B)
[1005/153256.108:WARNING:pe_image_reader.cc(340)] could not read dos header from C:\Program Files (x86)\Microsoft\Edge\Application\85.0.564.68\mip_protection_sdk.dll
[1005/153256.131:ERROR:process_memory_win.cc(73)] ReadMemory at 0x3ad93a7000 of 852 bytes failed: Only part of a ReadProcessMemory or WriteProcessMemory request was completed. (0x12B)
[1005/153256.131:ERROR:process_memory_win.cc(73)] ReadMemory at 0x1b906a602c0 of 40 bytes failed: Only part of a ReadProcessMemory or WriteProcessMemory request was completed. (0x12B)
[1005/153256.132:ERROR:process_memory_win.cc(73)] ReadMemory at 0x1b906a702c0 of 40 bytes failed: Only part of a ReadProcessMemory or WriteProcessMemory request was completed. (0x12B)
[1005/153256.132:ERROR:process_memory_win.cc(73)] ReadMemory at 0x1b906bb02c0 of 40 bytes failed: Only part of a ReadProcessMemory or WriteProcessMemory request was completed. (0x12B)
[1005/153256.132:ERROR:process_memory_win.cc(73)] ReadMemory at 0x1b906bb0fe0 of 8506 bytes failed: Only part of a ReadProcessMemory or WriteProcessMemory request was completed. (0x12B)
[1005/153256.132:ERROR:process_memory_win.cc(73)] ReadMemory at 0x1b906bb3130 of 1012 bytes failed: Only part of a ReadProcessMemory or WriteProcessMemory request was completed. (0x12B)
[1005/153256.132:ERROR:process_memory_win.cc(73)] ReadMemory at 0x1b906bb3778 of 120 bytes failed: Only part of a ReadProcessMemory or WriteProcessMemory request was completed. (0x12B)
[1005/153256.133:ERROR:process_memory_win.cc(73)] ReadMemory at 0x1b906bb37f2 of 648 bytes failed: Only part of a ReadProcessMemory or WriteProcessMemory request was completed. (0x12B)
[1005/153256.133:ERROR:process_memory_win.cc(73)] ReadMemory at 0x1b906bb3a7c of 120 bytes failed: Only part of a ReadProcessMemory or WriteProcessMemory request was completed. (0x12B)
[1005/153256.133:ERROR:process_memory_win.cc(73)] ReadMemory at 0x1b906bb3af6 of 96 bytes failed: Only part of a ReadProcessMemory or WriteProcessMemory request was completed. (0x12B)
[1005/153256.133:ERROR:process_memory_win.cc(73)] ReadMemory at 0x1b906bb3b70 of 58 bytes failed: Only part of a ReadProcessMemory or WriteProcessMemory request was completed. (0x12B)
[1005/153256.133:ERROR:process_memory_win.cc(73)] ReadMemory at 0x1b906bb3c70 of 132 bytes failed: Only part of a ReadProcessMemory or WriteProcessMemory request was completed. (0x12B)
[1005/153256.133:ERROR:process_memory_win.cc(73)] ReadMemory at 0x1b906bb3e00 of 132 bytes failed: Only part of a ReadProcessMemory or WriteProcessMemory request was completed. (0x12B)
[1005/153256.133:ERROR:process_memory_win.cc(73)] ReadMemory at 0x1b906bb43a0 of 132 bytes failed: Only part of a ReadProcessMemory or WriteProcessMemory request was completed. (0x12B)
[1005/153256.134:ERROR:process_memory_win.cc(73)] ReadMemory at 0x1b906bb4530 of 64 bytes failed: Only part of a ReadProcessMemory or WriteProcessMemory request was completed. (0x12B)
[1005/153256.134:ERROR:process_memory_win.cc(73)] ReadMemory at 0x1b906bb46f0 of 132 bytes failed: Only part of a ReadProcessMemory or WriteProcessMemory request was completed. (0x12B)
[1005/153256.134:ERROR:process_memory_win.cc(73)] ReadMemory at 0x1b906bb4990 of 132 bytes failed: Only part of a ReadProcessMemory or WriteProcessMemory request was completed. (0x12B)
[1005/153256.134:ERROR:process_memory_win.cc(73)] ReadMemory at 0x1b906bb4b20 of 68 bytes failed: Only part of a ReadProcessMemory or WriteProcessMemory request was completed. (0x12B)
[1005/153256.134:ERROR:process_memory_win.cc(73)] ReadMemory at 0x1b906bb5ad0 of 152 bytes failed: Only part of a ReadProcessMemory or WriteProcessMemory request was completed. (0x12B)
[1005/153256.135:ERROR:process_memory_win.cc(73)] ReadMemory at 0x1b906bbe740 of 62 bytes failed: Only part of a ReadProcessMemory or WriteProcessMemory request was completed. (0x12B)
[1005/153256.135:ERROR:process_memory_win.cc(73)] ReadMemory at 0x1b906bbe790 of 60 bytes failed: Only part of a ReadProcessMemory or WriteProcessMemory request was completed. (0x12B)
[1005/153256.135:ERROR:process_memory_win.cc(73)] ReadMemory at 0x1b906bbe7e0 of 60 bytes failed: Only part of a ReadProcessMemory or WriteProcessMemory request was completed. (0x12B)
[1005/153256.135:ERROR:process_memory_win.cc(73)] ReadMemory at 0x1b906bbe8d0 of 62 bytes failed: Only part of a ReadProcessMemory or WriteProcessMemory request was completed. (0x12B)
[1005/153256.136:ERROR:process_memory_win.cc(73)] ReadMemory at 0x1b906bc4ba0 of 132 bytes failed: Only part of a ReadProcessMemory or WriteProcessMemory request was completed. (0x12B)
[1005/153256.136:ERROR:process_memory_win.cc(73)] ReadMemory at 0x1b906bc4f00 of 132 bytes failed: Only part of a ReadProcessMemory or WriteProcessMemory request was completed. (0x12B)
[1005/153256.136:ERROR:process_memory_win.cc(73)] ReadMemory at 0x1b906bc5300 of 80 bytes failed: Only part of a ReadProcessMemory or WriteProcessMemory request was completed. (0x12B)
[1005/153256.136:ERROR:process_memory_win.cc(73)] ReadMemory at 0x1b906bc5660 of 80 bytes failed: Only part of a ReadProcessMemory or WriteProcessMemory request was completed. (0x12B)
[1005/153256.136:ERROR:process_memory_win.cc(73)] ReadMemory at 0x1b906bc5900 of 76 bytes failed: Only part of a ReadProcessMemory or WriteProcessMemory request was completed. (0x12B)
[1005/153256.136:ERROR:process_memory_win.cc(73)] ReadMemory at 0x1b906bc5ff0 of 144 bytes failed: Only part of a ReadProcessMemory or WriteProcessMemory request was completed. (0x12B)
[1005/153256.137:ERROR:process_memory_win.cc(73)] ReadMemory at 0x1b906bc6260 of 132 bytes failed: Only part of a ReadProcessMemory or WriteProcessMemory request was completed. (0x12B)
[1005/153256.137:ERROR:process_memory_win.cc(73)] ReadMemory at 0x1b906bc7bb0 of 132 bytes failed: Only part of a ReadProcessMemory or WriteProcessMemory request was completed. (0x12B)
[1005/153256.137:ERROR:process_memory_win.cc(73)] ReadMemory at 0x1b906bc7dc0 of 132 bytes failed: Only part of a ReadProcessMemory or WriteProcessMemory request was completed. (0x12B)
[1005/153256.137:ERROR:process_memory_win.cc(73)] ReadMemory at 0x1b906bc8730 of 124 bytes failed: Only part of a ReadProcessMemory or WriteProcessMemory request was completed. (0x12B)
[1005/153256.137:ERROR:process_memory_win.cc(73)] ReadMemory at 0x1b906bc8b40 of 60 bytes failed: Only part of a ReadProcessMemory or WriteProcessMemory request was completed. (0x12B)
[1005/153256.138:ERROR:process_memory_win.cc(73)] ReadMemory at 0x1b906bc8b90 of 60 bytes failed: Only part of a ReadProcessMemory or WriteProcessMemory request was completed. (0x12B)
[1005/153256.138:ERROR:process_memory_win.cc(73)] ReadMemory at 0x1b906bc8be0 of 62 bytes failed: Only part of a ReadProcessMemory or WriteProcessMemory request was completed. (0x12B)
[1005/153256.138:ERROR:process_memory_win.cc(73)] ReadMemory at 0x1b906bc8cd0 of 62 bytes failed: Only part of a ReadProcessMemory or WriteProcessMemory request was completed. (0x12B)
[1005/153256.138:ERROR:process_memory_win.cc(73)] ReadMemory at 0x1b906bc8e60 of 62 bytes failed: Only part of a ReadProcessMemory or WriteProcessMemory request was completed. (0x12B)
[1005/153256.138:ERROR:process_memory_win.cc(73)] ReadMemory at 0x1b906bc8f50 of 60 bytes failed: Only part of a ReadProcessMemory or WriteProcessMemory request was completed. (0x12B)
[1005/153256.138:ERROR:process_memory_win.cc(73)] ReadMemory at 0x1b906bc9040 of 62 bytes failed: Only part of a ReadProcessMemory or WriteProcessMemory request was completed. (0x12B)
[1005/153256.139:ERROR:process_memory_win.cc(73)] ReadMemory at 0x1b906bc90e0 of 58 bytes failed: Only part of a ReadProcessMemory or WriteProcessMemory request was completed. (0x12B)
[1005/153256.139:ERROR:process_memory_win.cc(73)] ReadMemory at 0x1b906bc9180 of 64 bytes failed: Only part of a ReadProcessMemory or WriteProcessMemory request was completed. (0x12B)
[1005/153256.139:ERROR:process_memory_win.cc(73)] ReadMemory at 0x1b906bc91d0 of 62 bytes failed: Only part of a ReadProcessMemory or WriteProcessMemory request was completed. (0x12B)
[1005/153256.139:ERROR:process_memory_win.cc(73)] ReadMemory at 0x1b906bc9270 of 64 bytes failed: Only part of a ReadProcessMemory or WriteProcessMemory request was completed. (0x12B)
[1005/153256.139:ERROR:process_memory_win.cc(73)] ReadMemory at 0x1b906bc92c0 of 60 bytes failed: Only part of a ReadProcessMemory or WriteProcessMemory request was completed. (0x12B)
[1005/153256.139:ERROR:process_memory_win.cc(73)] ReadMemory at 0x1b906bc9310 of 66 bytes failed: Only part of a ReadProcessMemory or WriteProcessMemory request was completed. (0x12B)
[1005/153256.140:ERROR:process_memory_win.cc(73)] ReadMemory at 0x1b906bc9360 of 64 bytes failed: Only part of a ReadProcessMemory or WriteProcessMemory request was completed. (0x12B)
[1005/153256.140:ERROR:process_memory_win.cc(73)] ReadMemory at 0x1b906bc93b0 of 62 bytes failed: Only part of a ReadProcessMemory or WriteProcessMemory request was completed. (0x12B)
[1005/153256.140:ERROR:process_memory_win.cc(73)] ReadMemory at 0x1b906bc9450 of 60 bytes failed: Only part of a ReadProcessMemory or WriteProcessMemory request was completed. (0x12B)
[1005/153256.140:ERROR:process_memory_win.cc(73)] ReadMemory at 0x1b906bc9540 of 62 bytes failed: Only part of a ReadProcessMemory or WriteProcessMemory request was completed. (0x12B)
[1005/153256.140:ERROR:process_memory_win.cc(73)] ReadMemory at 0x1b906bc9590 of 64 bytes failed: Only part of a ReadProcessMemory or WriteProcessMemory request was completed. (0x12B)
[1005/153256.141:ERROR:process_memory_win.cc(73)] ReadMemory at 0x1b906bc9630 of 64 bytes failed: Only part of a ReadProcessMemory or WriteProcessMemory request was completed. (0x12B)
[1005/153256.141:ERROR:process_memory_win.cc(73)] ReadMemory at 0x1b906bc9680 of 64 bytes failed: Only part of a ReadProcessMemory or WriteProcessMemory request was completed. (0x12B)
[1005/153256.141:ERROR:process_memory_win.cc(73)] ReadMemory at 0x1b906bc96d0 of 60 bytes failed: Only part of a ReadProcessMemory or WriteProcessMemory request was completed. (0x12B)
[1005/153256.141:ERROR:process_memory_win.cc(73)] ReadMemory at 0x1b906bc9720 of 60 bytes failed: Only part of a ReadProcessMemory or WriteProcessMemory request was completed. (0x12B)
[1005/153256.141:ERROR:process_memory_win.cc(73)] ReadMemory at 0x1b906bc9770 of 64 bytes failed: Only part of a ReadProcessMemory or WriteProcessMemory request was completed. (0x12B)
[1005/153256.142:ERROR:process_memory_win.cc(73)] ReadMemory at 0x1b906bc97c0 of 62 bytes failed: Only part of a ReadProcessMemory or WriteProcessMemory request was completed. (0x12B)
[1005/153256.142:ERROR:process_memory_win.cc(73)] ReadMemory at 0x1b906bc9860 of 66 bytes failed: Only part of a ReadProcessMemory or WriteProcessMemory request was completed. (0x12B)
[1005/153256.142:ERROR:process_memory_win.cc(73)] ReadMemory at 0x1b906bc98b0 of 64 bytes failed: Only part of a ReadProcessMemory or WriteProcessMemory request was completed. (0x12B)
[1005/153256.142:ERROR:process_memory_win.cc(73)] ReadMemory at 0x1b906bca8d0 of 54 bytes failed: Only part of a ReadProcessMemory or WriteProcessMemory request was completed. (0x12B)
[1005/153256.142:ERROR:process_memory_win.cc(73)] ReadMemory at 0x1b906bcac80 of 40 bytes failed: Only part of a ReadProcessMemory or WriteProcessMemory request was completed. (0x12B)
[1005/153256.143:ERROR:process_memory_win.cc(73)] ReadMemory at 0x1b906bcb700 of 132 bytes failed: Only part of a ReadProcessMemory or WriteProcessMemory request was completed. (0x12B)
[1005/153256.143:ERROR:process_memory_win.cc(73)] ReadMemory at 0x1b906bcb920 of 132 bytes failed: Only part of a ReadProcessMemory or WriteProcessMemory request was completed. (0x12B)
[1005/153256.143:ERROR:process_memory_win.cc(73)] ReadMemory at 0x1b906bcc910 of 132 bytes failed: Only part of a ReadProcessMemory or WriteProcessMemory request was completed. (0x12B)
[1005/153256.143:ERROR:process_memory_win.cc(73)] ReadMemory at 0x1b906bcdfc0 of 132 bytes failed: Only part of a ReadProcessMemory or WriteProcessMemory request was completed. (0x12B)
[1005/153256.143:ERROR:process_memory_win.cc(73)] ReadMemory at 0x1b906bce0f0 of 132 bytes failed: Only part of a ReadProcessMemory or WriteProcessMemory request was completed. (0x12B)
[1005/153256.144:ERROR:process_memory_win.cc(73)] ReadMemory at 0x1b906bd0cd0 of 132 bytes failed: Only part of a ReadProcessMemory or WriteProcessMemory request was completed. (0x12B)
[1005/153256.144:ERROR:process_memory_win.cc(73)] ReadMemory at 0x1b906bd0e00 of 132 bytes failed: Only part of a ReadProcessMemory or WriteProcessMemory request was completed. (0x12B)
[1005/153256.144:ERROR:process_memory_win.cc(73)] ReadMemory at 0x1b906bd0f80 of 132 bytes failed: Only part of a ReadProcessMemory or WriteProcessMemory request was completed. (0x12B)
[1005/153256.144:ERROR:process_memory_win.cc(73)] ReadMemory at 0x1b906bd10b0 of 132 bytes failed: Only part of a ReadProcessMemory or WriteProcessMemory request was completed. (0x12B)
[1005/153256.144:ERROR:process_memory_win.cc(73)] ReadMemory at 0x1b906bd11e0 of 132 bytes failed: Only part of a ReadProcessMemory or WriteProcessMemory request was completed. (0x12B)
[1005/153256.145:ERROR:process_memory_win.cc(73)] ReadMemory at 0x1b906bd1310 of 132 bytes failed: Only part of a ReadProcessMemory or WriteProcessMemory request was completed. (0x12B)
[1005/153256.145:ERROR:process_memory_win.cc(73)] ReadMemory at 0x1b906bd1440 of 132 bytes failed: Only part of a ReadProcessMemory or WriteProcessMemory request was completed. (0x12B)
[1005/153256.145:ERROR:process_memory_win.cc(73)] ReadMemory at 0x1b906bd1570 of 132 bytes failed: Only part of a ReadProcessMemory or WriteProcessMemory request was completed. (0x12B)
[1005/153256.145:ERROR:process_memory_win.cc(73)] ReadMemory at 0x1b906bd16a0 of 132 bytes failed: Only part of a ReadProcessMemory or WriteProcessMemory request was completed. (0x12B)
[1005/153256.145:ERROR:process_memory_win.cc(73)] ReadMemory at 0x1b906bd17d0 of 132 bytes failed: Only part of a ReadProcessMemory or WriteProcessMemory request was completed. (0x12B)
[1005/153256.146:ERROR:process_memory_win.cc(73)] ReadMemory at 0x1b906bd1a30 of 132 bytes failed: Only part of a ReadProcessMemory or WriteProcessMemory request was completed. (0x12B)
[1005/153256.146:ERROR:process_memory_win.cc(73)] ReadMemory at 0x1b906bd1b60 of 132 bytes failed: Only part of a ReadProcessMemory or WriteProcessMemory request was completed. (0x12B)
[1005/153256.146:ERROR:process_memory_win.cc(73)] ReadMemory at 0x1b906bd1c90 of 132 bytes failed: Only part of a ReadProcessMemory or WriteProcessMemory request was completed. (0x12B)
[1005/153256.146:ERROR:process_memory_win.cc(73)] ReadMemory at 0x1b906bd1dc0 of 132 bytes failed: Only part of a ReadProcessMemory or WriteProcessMemory request was completed. (0x12B)
[1005/153256.146:ERROR:process_memory_win.cc(73)] ReadMemory at 0x1b906bd2d50 of 132 bytes failed: Only part of a ReadProcessMemory or WriteProcessMemory request was completed. (0x12B)
[1005/153256.147:ERROR:process_memory_win.cc(73)] ReadMemory at 0x1b906bd2e80 of 132 bytes failed: Only part of a ReadProcessMemory or WriteProcessMemory request was completed. (0x12B)
[1005/153256.147:ERROR:process_memory_win.cc(73)] ReadMemory at 0x1b906bd2fb0 of 132 bytes failed: Only part of a ReadProcessMemory or WriteProcessMemory request was completed. (0x12B)
[1005/153256.147:ERROR:process_memory_win.cc(73)] ReadMemory at 0x1b906bd30e0 of 132 bytes failed: Only part of a ReadProcessMemory or WriteProcessMemory request was completed. (0x12B)
[1005/153256.147:ERROR:process_memory_win.cc(73)] ReadMemory at 0x1b906bd3210 of 132 bytes failed: Only part of a ReadProcessMemory or WriteProcessMemory request was completed. (0x12B)
[1005/153256.147:ERROR:process_memory_win.cc(73)] ReadMemory at 0x1b906bd3340 of 132 bytes failed: Only part of a ReadProcessMemory or WriteProcessMemory request was completed. (0x12B)
[1005/153256.147:ERROR:process_memory_win.cc(73)] ReadMemory at 0x1b906bd3470 of 132 bytes failed: Only part of a ReadProcessMemory or WriteProcessMemory request was completed. (0x12B)
[1005/153256.148:ERROR:process_memory_win.cc(73)] ReadMemory at 0x1b906bd35a0 of 132 bytes failed: Only part of a ReadProcessMemory or WriteProcessMemory request was completed. (0x12B)
[1005/153256.148:ERROR:process_memory_win.cc(73)] ReadMemory at 0x1b906bd36d0 of 132 bytes failed: Only part of a ReadProcessMemory or WriteProcessMemory request was completed. (0x12B)
[1005/153256.148:ERROR:process_memory_win.cc(73)] ReadMemory at 0x1b906bd3cc0 of 132 bytes failed: Only part of a ReadProcessMemory or WriteProcessMemory request was completed. (0x12B)
[1005/153256.148:ERROR:process_memory_win.cc(73)] ReadMemory at 0x1b906bd3df0 of 132 bytes failed: Only part of a ReadProcessMemory or WriteProcessMemory request was completed. (0x12B)
[1005/153256.148:ERROR:process_memory_win.cc(73)] ReadMemory at 0x1b906bd3f20 of 132 bytes failed: Only part of a ReadProcessMemory or WriteProcessMemory request was completed. (0x12B)
[1005/153256.148:ERROR:process_memory_win.cc(73)] ReadMemory at 0x1b906bd4050 of 132 bytes failed: Only part of a ReadProcessMemory or WriteProcessMemory request was completed. (0x12B)
[1005/153256.149:ERROR:process_memory_win.cc(73)] ReadMemory at 0x1b906bd4180 of 132 bytes failed: Only part of a ReadProcessMemory or WriteProcessMemory request was completed. (0x12B)
[1005/153256.149:ERROR:process_memory_win.cc(73)] ReadMemory at 0x1b906bd42b0 of 132 bytes failed: Only part of a ReadProcessMemory or WriteProcessMemory request was completed. (0x12B)
[1005/153256.149:ERROR:process_memory_win.cc(73)] ReadMemory at 0x1b906bd43e0 of 132 bytes failed: Only part of a ReadProcessMemory or WriteProcessMemory request was completed. (0x12B)
[1005/153256.149:ERROR:process_memory_win.cc(73)] ReadMemory at 0x1b906bd4510 of 132 bytes failed: Only part of a ReadProcessMemory or WriteProcessMemory request was completed. (0x12B)
[1005/153256.149:ERROR:process_memory_win.cc(73)] ReadMemory at 0x1b906bd4640 of 132 bytes failed: Only part of a ReadProcessMemory or WriteProcessMemory request was completed. (0x12B)
[1005/153256.150:ERROR:process_memory_win.cc(73)] ReadMemory at 0x1b906bd4770 of 132 bytes failed: Only part of a ReadProcessMemory or WriteProcessMemory request was completed. (0x12B)
[1005/153256.150:ERROR:process_memory_win.cc(73)] ReadMemory at 0x1b906bd48a0 of 132 bytes failed: Only part of a ReadProcessMemory or WriteProcessMemory request was completed. (0x12B)
[1005/153256.150:ERROR:process_memory_win.cc(73)] ReadMemory at 0x1b906bd49d0 of 132 bytes failed: Only part of a ReadProcessMemory or WriteProcessMemory request was completed. (0x12B)
[1005/153256.150:ERROR:process_memory_win.cc(73)] ReadMemory at 0x1b906bdcc30 of 66 bytes failed: Only part of a ReadProcessMemory or WriteProcessMemory request was completed. (0x12B)
[1005/153256.150:ERROR:process_memory_win.cc(73)] ReadMemory at 0x1b906be07d0 of 48 bytes failed: Only part of a ReadProcessMemory or WriteProcessMemory request was completed. (0x12B)
[1005/153256.150:ERROR:process_memory_win.cc(73)] ReadMemory at 0x1b906be0d50 of 48 bytes failed: Only part of a ReadProcessMemory or WriteProcessMemory request was completed. (0x12B)
[1005/153256.151:ERROR:process_memory_win.cc(73)] ReadMemory at 0x1b906bf1170 of 148 bytes failed: Only part of a ReadProcessMemory or WriteProcessMemory request was completed. (0x12B)
[1005/153256.151:ERROR:process_memory_win.cc(73)] ReadMemory at 0x1b906bf2110 of 58 bytes failed: Only part of a ReadProcessMemory or WriteProcessMemory request was completed. (0x12B)
[1005/153256.151:ERROR:process_memory_win.cc(73)] ReadMemory at 0x1b906bf2160 of 66 bytes failed: Only part of a ReadProcessMemory or WriteProcessMemory request was completed. (0x12B)
[1005/153256.151:ERROR:process_memory_win.cc(73)] ReadMemory at 0x1b906bf2700 of 60 bytes failed: Only part of a ReadProcessMemory or WriteProcessMemory request was completed. (0x12B)
[1005/153256.151:ERROR:process_memory_win.cc(73)] ReadMemory at 0x1b906bf28e0 of 58 bytes failed: Only part of a ReadProcessMemory or WriteProcessMemory request was completed. (0x12B)
[1005/153256.152:ERROR:process_memory_win.cc(73)] ReadMemory at 0x1b906bf2980 of 60 bytes failed: Only part of a ReadProcessMemory or WriteProcessMemory request was completed. (0x12B)
[1005/153256.152:ERROR:process_memory_win.cc(73)] ReadMemory at 0x1b906c30880 of 64 bytes failed: Only part of a ReadProcessMemory or WriteProcessMemory request was completed. (0x12B)
[1005/153256.152:ERROR:process_memory_win.cc(73)] ReadMemory at 0x1b906c30a60 of 66 bytes failed: Only part of a ReadProcessMemory or WriteProcessMemory request was completed. (0x12B)
[1005/153256.152:ERROR:process_memory_win.cc(73)] ReadMemory at 0x1b906c37a40 of 72 bytes failed: Only part of a ReadProcessMemory or WriteProcessMemory request was completed. (0x12B)
[1005/153256.152:ERROR:process_memory_win.cc(73)] ReadMemory at 0x1b906e702c0 of 40 bytes failed: Only part of a ReadProcessMemory or WriteProcessMemory request was completed. (0x12B)
[1005/153256.153:ERROR:process_memory_win.cc(73)] ReadMemory at 0x1b9073102c0 of 40 bytes failed: Only part of a ReadProcessMemory or WriteProcessMemory request was completed. (0x12B)
[1005/153256.153:ERROR:process_memory_win.cc(73)] ReadMemory at 0x7ff9f06af3c8 of 40 bytes failed: Only part of a ReadProcessMemory or WriteProcessMemory request was completed. (0x12B)
[1005/153256.153:ERROR:process_memory_win.cc(73)] ReadMemory at 0x7ffa105a0f20 of 40 bytes failed: Only part of a ReadProcessMemory or WriteProcessMemory request was completed. (0x12B)
[1005/153256.153:ERROR:process_memory_win.cc(73)] ReadMemory at 0x7ffa138cc428 of 18 bytes failed: Only part of a ReadProcessMemory or WriteProcessMemory request was completed. (0x12B)
[1005/153256.153:ERROR:process_memory_win.cc(73)] ReadMemory at 0x7ffa138ff4f8 of 40 bytes failed: Only part of a ReadProcessMemory or WriteProcessMemory request was completed. (0x12B)
[1005/153256.154:ERROR:process_memory_win.cc(73)] ReadMemory at 0x7ffa138ff560 of 48 bytes failed: Only part of a ReadProcessMemory or WriteProcessMemory request was completed. (0x12B)
[1005/153256.154:ERROR:process_memory_win.cc(73)] ReadMemory at 0x7ffa138ff978 of 48 bytes failed: Only part of a ReadProcessMemory or WriteProcessMemory request was completed. (0x12B)
[1005/153256.154:ERROR:process_memory_win.cc(73)] ReadMemory at 0x7ffa13903be0 of 40 bytes failed: Only part of a ReadProcessMemory or WriteProcessMemory request was completed. (0x12B)
[1005/153256.154:ERROR:process_memory_win.cc(73)] ReadMemory at 0x7ffa13903d40 of 336 bytes failed: Only part of a ReadProcessMemory or WriteProcessMemory request was completed. (0x12B)
[1005/153256.154:ERROR:process_memory_win.cc(73)] ReadMemory at 0x7ffa139053c0 of 64 bytes failed: Only part of a ReadProcessMemory or WriteProcessMemory request was completed. (0x12B)
[1005/153256.159:ERROR:scoped_process_suspend.cc(40)] NtResumeProcess: An attempt was made to access an exiting process. (0xc000010a)
[1005/153256.497:ERROR:minidumpwritedump_with_crashpad_info.cc(452)] Failed to call MiniDumpWriteDump: Access is denied. (0x80070005)
[1005/153256.497:ERROR:minidumpwritedump_with_crashpad_info.cc(661)] Failed to write minidump file
[1005/153256.497:ERROR:crash_report_exception_handler.cc(132)] TryMiniDumpWriteDumpWithCrashpadInfo failed
[1005/153256.502:ERROR:process_memory_win.cc(73)] ReadMemory at 0x24d88669d80 of 72 bytes failed: Only part of a ReadProcessMemory or WriteProcessMemory request was completed. (0x12B)
[1005/153256.502:WARNING:pe_image_annotations_reader.cc(135)] could not read annotations list object in C:\Program Files (x86)\Microsoft\Edge\Application\85.0.564.68\msedge_elf.dll
[1005/153256.503:ERROR:process_memory_win.cc(73)] ReadMemory at 0x24d886af2f0 of 72 bytes failed: Only part of a ReadProcessMemory or WriteProcessMemory request was completed. (0x12B)
[1005/153256.503:WARNING:pe_image_annotations_reader.cc(135)] could not read annotations list object in C:\Program Files (x86)\Microsoft\Edge\Application\85.0.564.68\msedge.dll
